{
  "stats": {
    "suites": 1,
    "tests": 3,
    "passes": 3,
    "pending": 0,
    "failures": 0,
    "start": "2025-03-12T01:51:02.394Z",
    "end": "2025-03-12T01:51:07.355Z",
    "duration": 4961,
    "testsRegistered": 3,
    "passPercent": 100,
    "pendingPercent": 0,
    "other": 0,
    "hasOther": false,
    "skipped": 0,
    "hasSkipped": false
  },
  "results": [
    {
      "uuid": "27a83cc5-139e-4d73-8ab4-86ce7de7e16d",
      "title": "",
      "fullFile": "cypress/e2e/abnLookup.feature",
      "file": "cypress/e2e/abnLookup.feature",
      "beforeHooks": [],
      "afterHooks": [],
      "tests": [],
      "suites": [
        {
          "uuid": "6b14d7ab-a08c-4440-aba0-cdeb21f721d9",
          "title": "ABN Lookup - Verify ABN Lookup Page",
          "fullFile": "",
          "file": "",
          "beforeHooks": [],
          "afterHooks": [],
          "tests": [
            {
              "title": "Validate ABN lookup page for valid entity Automic Pty Ltd",
              "fullTitle": "ABN Lookup - Verify ABN Lookup Page Validate ABN lookup page for valid entity Automic Pty Ltd",
              "timedOut": null,
              "duration": 3121,
              "state": "passed",
              "speed": "fast",
              "pass": true,
              "fail": false,
              "pending": false,
              "context": null,
              "code": "const state = window.testState;\nreturn cy\n  .then(() => state.onStartScenario(scenario, indexedSteps))\n  .then(() =>\n    resolveAndRunBeforeHooks.call(this, scenario.tags, state.feature.name)\n  )\n  .then(() =>\n    indexedSteps.forEach((step) =>\n      stepTest.call(this, state, step, rowData)\n    )\n  )\n  .then(() => state.onFinishScenario(scenario));",
              "err": {},
              "uuid": "f75b373a-0fae-46ad-950d-1bca26c797c9",
              "parentUUID": "6b14d7ab-a08c-4440-aba0-cdeb21f721d9",
              "isHook": false,
              "skipped": false
            },
            {
              "title": "Validate ABN lookup page for invalid entity",
              "fullTitle": "ABN Lookup - Verify ABN Lookup Page Validate ABN lookup page for invalid entity",
              "timedOut": null,
              "duration": 689,
              "state": "passed",
              "speed": "fast",
              "pass": true,
              "fail": false,
              "pending": false,
              "context": null,
              "code": "const state = window.testState;\nreturn cy\n  .then(() => state.onStartScenario(scenario, indexedSteps))\n  .then(() =>\n    resolveAndRunBeforeHooks.call(this, scenario.tags, state.feature.name)\n  )\n  .then(() =>\n    indexedSteps.forEach((step) =>\n      stepTest.call(this, state, step, rowData)\n    )\n  )\n  .then(() => state.onFinishScenario(scenario));",
              "err": {},
              "uuid": "a07e4933-6fa5-4e4a-87cc-8e59e6c51c42",
              "parentUUID": "6b14d7ab-a08c-4440-aba0-cdeb21f721d9",
              "isHook": false,
              "skipped": false
            },
            {
              "title": "Validate ABN lookup page for valid entity Google Australia PTY LTD",
              "fullTitle": "ABN Lookup - Verify ABN Lookup Page Validate ABN lookup page for valid entity Google Australia PTY LTD",
              "timedOut": null,
              "duration": 1021,
              "state": "passed",
              "speed": "fast",
              "pass": true,
              "fail": false,
              "pending": false,
              "context": null,
              "code": "const state = window.testState;\nreturn cy\n  .then(() => state.onStartScenario(scenario, indexedSteps))\n  .then(() =>\n    resolveAndRunBeforeHooks.call(this, scenario.tags, state.feature.name)\n  )\n  .then(() =>\n    indexedSteps.forEach((step) =>\n      stepTest.call(this, state, step, rowData)\n    )\n  )\n  .then(() => state.onFinishScenario(scenario));",
              "err": {},
              "uuid": "21c5d26f-acf7-4aae-bf15-b2e04a847b8d",
              "parentUUID": "6b14d7ab-a08c-4440-aba0-cdeb21f721d9",
              "isHook": false,
              "skipped": false
            }
          ],
          "suites": [],
          "passes": [
            "f75b373a-0fae-46ad-950d-1bca26c797c9",
            "a07e4933-6fa5-4e4a-87cc-8e59e6c51c42",
            "21c5d26f-acf7-4aae-bf15-b2e04a847b8d"
          ],
          "failures": [],
          "pending": [],
          "skipped": [],
          "duration": 4831,
          "root": false,
          "rootEmpty": false,
          "_timeout": 2000
        }
      ],
      "passes": [],
      "failures": [],
      "pending": [],
      "skipped": [],
      "duration": 0,
      "root": true,
      "rootEmpty": true,
      "_timeout": 2000
    }
  ],
  "meta": {
    "mocha": {
      "version": "7.0.1"
    },
    "mochawesome": {
      "options": {
        "quiet": false,
        "reportFilename": "mochawesome",
        "saveHtml": false,
        "saveJson": true,
        "consoleReporter": "spec",
        "useInlineDiffs": false,
        "code": true
      },
      "version": "7.1.3"
    },
    "marge": {
      "options": {
        "reportDir": "cypress/results/mocha",
        "overwrite": false,
        "html": false,
        "json": true
      },
      "version": "6.2.0"
    }
  }
}