{
  "stats": {
    "suites": 1,
    "tests": 3,
    "passes": 3,
    "pending": 0,
    "failures": 0,
    "start": "2025-03-11T18:58:16.502Z",
    "end": "2025-03-11T18:58:20.288Z",
    "duration": 3786,
    "testsRegistered": 3,
    "passPercent": 100,
    "pendingPercent": 0,
    "other": 0,
    "hasOther": false,
    "skipped": 0,
    "hasSkipped": false
  },
  "results": [
    {
      "uuid": "0aa3f1db-aac6-476e-9f59-acdae1814782",
      "title": "",
      "fullFile": "cypress/e2e/abnLookup.feature",
      "file": "cypress/e2e/abnLookup.feature",
      "beforeHooks": [],
      "afterHooks": [],
      "tests": [],
      "suites": [
        {
          "uuid": "83318be7-5253-4e34-bbf4-ec57956e52a4",
          "title": "ABN Lookup - Verify ABN Lookup Page",
          "fullFile": "",
          "file": "",
          "beforeHooks": [],
          "afterHooks": [],
          "tests": [
            {
              "title": "Validate ABN lookup page for valid entity Automic Pty Ltd",
              "fullTitle": "ABN Lookup - Verify ABN Lookup Page Validate ABN lookup page for valid entity Automic Pty Ltd",
              "timedOut": null,
              "duration": 2342,
              "state": "passed",
              "speed": "fast",
              "pass": true,
              "fail": false,
              "pending": false,
              "context": null,
              "code": "const state = window.testState;\nreturn cy\n  .then(() => state.onStartScenario(scenario, indexedSteps))\n  .then(() =>\n    resolveAndRunBeforeHooks.call(this, scenario.tags, state.feature.name)\n  )\n  .then(() =>\n    indexedSteps.forEach((step) =>\n      stepTest.call(this, state, step, rowData)\n    )\n  )\n  .then(() => state.onFinishScenario(scenario));",
              "err": {},
              "uuid": "dd5946ec-709d-4d88-9df7-be439f14e000",
              "parentUUID": "83318be7-5253-4e34-bbf4-ec57956e52a4",
              "isHook": false,
              "skipped": false
            },
            {
              "title": "Validate ABN lookup page for invalid entity",
              "fullTitle": "ABN Lookup - Verify ABN Lookup Page Validate ABN lookup page for invalid entity",
              "timedOut": null,
              "duration": 496,
              "state": "passed",
              "speed": "fast",
              "pass": true,
              "fail": false,
              "pending": false,
              "context": null,
              "code": "const state = window.testState;\nreturn cy\n  .then(() => state.onStartScenario(scenario, indexedSteps))\n  .then(() =>\n    resolveAndRunBeforeHooks.call(this, scenario.tags, state.feature.name)\n  )\n  .then(() =>\n    indexedSteps.forEach((step) =>\n      stepTest.call(this, state, step, rowData)\n    )\n  )\n  .then(() => state.onFinishScenario(scenario));",
              "err": {},
              "uuid": "e0658ccf-44f1-408c-ae06-6187c24da47f",
              "parentUUID": "83318be7-5253-4e34-bbf4-ec57956e52a4",
              "isHook": false,
              "skipped": false
            },
            {
              "title": "Validate ABN lookup page for valid entity Google Australia PTY LTD",
              "fullTitle": "ABN Lookup - Verify ABN Lookup Page Validate ABN lookup page for valid entity Google Australia PTY LTD",
              "timedOut": null,
              "duration": 885,
              "state": "passed",
              "speed": "fast",
              "pass": true,
              "fail": false,
              "pending": false,
              "context": null,
              "code": "const state = window.testState;\nreturn cy\n  .then(() => state.onStartScenario(scenario, indexedSteps))\n  .then(() =>\n    resolveAndRunBeforeHooks.call(this, scenario.tags, state.feature.name)\n  )\n  .then(() =>\n    indexedSteps.forEach((step) =>\n      stepTest.call(this, state, step, rowData)\n    )\n  )\n  .then(() => state.onFinishScenario(scenario));",
              "err": {},
              "uuid": "0326b5f5-a362-4bb6-a9eb-f9877ef0ad55",
              "parentUUID": "83318be7-5253-4e34-bbf4-ec57956e52a4",
              "isHook": false,
              "skipped": false
            }
          ],
          "suites": [],
          "passes": [
            "dd5946ec-709d-4d88-9df7-be439f14e000",
            "e0658ccf-44f1-408c-ae06-6187c24da47f",
            "0326b5f5-a362-4bb6-a9eb-f9877ef0ad55"
          ],
          "failures": [],
          "pending": [],
          "skipped": [],
          "duration": 3723,
          "root": false,
          "rootEmpty": false,
          "_timeout": 2000
        }
      ],
      "passes": [],
      "failures": [],
      "pending": [],
      "skipped": [],
      "duration": 0,
      "root": true,
      "rootEmpty": true,
      "_timeout": 2000
    }
  ],
  "meta": {
    "mocha": {
      "version": "7.0.1"
    },
    "mochawesome": {
      "options": {
        "quiet": false,
        "reportFilename": "mochawesome",
        "saveHtml": false,
        "saveJson": true,
        "consoleReporter": "spec",
        "useInlineDiffs": false,
        "code": true
      },
      "version": "7.1.3"
    },
    "marge": {
      "options": {
        "reportDir": "cypress/results/mocha",
        "overwrite": false,
        "html": false,
        "json": true
      },
      "version": "6.2.0"
    }
  }
}